<!DOCTYPE html>
<html>
<head>
<meta http-equiv="Content-Type" content="text/html; charset=utf-8"/>
<meta http-equiv="x-ua-compatible" content="IE=edge"/>
<title>Test results - Class tests.CreateCv</title>
<link href="../css/base-style.css" rel="stylesheet" type="text/css"/>
<link href="../css/style.css" rel="stylesheet" type="text/css"/>
<script src="../js/report.js" type="text/javascript"></script>
</head>
<body>
<div id="content">
<h1>Class tests.CreateCv</h1>
<div class="breadcrumbs">
<a href="../index.html">all</a> &gt; 
<a href="../packages/tests.html">tests</a> &gt; CreateCv</div>
<div id="summary">
<table>
<tr>
<td>
<div class="summaryGroup">
<table>
<tr>
<td>
<div class="infoBox" id="tests">
<div class="counter">5</div>
<p>tests</p>
</div>
</td>
<td>
<div class="infoBox" id="failures">
<div class="counter">2</div>
<p>failures</p>
</div>
</td>
<td>
<div class="infoBox" id="ignored">
<div class="counter">3</div>
<p>ignored</p>
</div>
</td>
<td>
<div class="infoBox" id="duration">
<div class="counter">32.774s</div>
<p>duration</p>
</div>
</td>
</tr>
</table>
</div>
</td>
<td>
<div class="infoBox failures" id="successRate">
<div class="percent">0%</div>
<p>successful</p>
</div>
</td>
</tr>
</table>
</div>
<div id="tabs">
<ul class="tabLinks">
<li>
<a href="#tab0">Failed tests</a>
</li>
<li>
<a href="#tab1">Tests</a>
</li>
<li>
<a href="#tab2">Standard output</a>
</li>
</ul>
<div id="tab0" class="tab">
<h2>Failed tests</h2>
<div class="test">
<a name="createResumeDP[0](Cv(name=Pasha, position=Expert, birthday=12/01/1968, country=Israel, city=haifa, phone=036485478, email=pavel@mail.ru, companyName=Neokor, companyLocation=Ramot, companyUrl=www.neokor.com, startYear=1985, endYear=1990))"></a>
<h3 class="failures">createResumeDP[0](Cv(name=Pasha, position=Expert, birthday=12/01/1968, country=Israel, city=haifa, phone=036485478, email=pavel@mail.ru, companyName=Neokor, companyLocation=Ramot, companyUrl=www.neokor.com, startYear=1985, endYear=1990))</h3>
<span class="code">
<pre>org.openqa.selenium.StaleElementReferenceException: stale element reference: element is not attached to the page document
  (Session info: chrome=104.0.5112.81)
For documentation on this error, please visit: https://www.seleniumhq.org/exceptions/stale_element_reference.html
Build info: version: '3.141.59', revision: 'e82be7d358', time: '2018-11-14T08:17:03'
System info: host: 'ARTEMKA', ip: '192.168.0.103', os.name: 'Windows 10', os.arch: 'amd64', os.version: '10.0', java.version: '1.8.0_333'
Driver info: org.openqa.selenium.chrome.ChromeDriver
Capabilities {acceptInsecureCerts: false, browserName: chrome, browserVersion: 104.0.5112.81, chrome: {chromedriverVersion: 104.0.5112.79 (3cf3e8c8a07d..., userDataDir: C:\Users\ompre\AppData\Loca...}, goog:chromeOptions: {debuggerAddress: localhost:50673}, javascriptEnabled: true, networkConnectionEnabled: false, pageLoadStrategy: normal, platform: WINDOWS, platformName: WINDOWS, proxy: Proxy(), setWindowRect: true, strictFileInteractability: false, timeouts: {implicit: 0, pageLoad: 300000, script: 30000}, unhandledPromptBehavior: dismiss and notify, webauthn:extension:credBlob: true, webauthn:extension:largeBlob: true, webauthn:virtualAuthenticators: true}
Session ID: 2e5edbb89b5c6df97a90caf57d5c01c7
	at manager.MyListener.onException(MyListener.java:36)
	at sun.reflect.NativeMethodAccessorImpl.invoke0(Native Method)
	at sun.reflect.NativeMethodAccessorImpl.invoke(NativeMethodAccessorImpl.java:62)
	at sun.reflect.DelegatingMethodAccessorImpl.invoke(DelegatingMethodAccessorImpl.java:43)
	at java.lang.reflect.Method.invoke(Method.java:498)
	at org.openqa.selenium.support.events.EventFiringWebDriver.lambda$new$0(EventFiringWebDriver.java:84)
	at com.sun.proxy.$Proxy11.onException(Unknown Source)
	at org.openqa.selenium.support.events.EventFiringWebDriver$EventFiringWebElement.lambda$new$0(EventFiringWebDriver.java:406)
	at com.sun.proxy.$Proxy14.isDisplayed(Unknown Source)
	at org.openqa.selenium.support.events.EventFiringWebDriver$EventFiringWebElement.isDisplayed(EventFiringWebDriver.java:470)
	at org.openqa.selenium.support.ui.ExpectedConditions.elementIfVisible(ExpectedConditions.java:314)
	at org.openqa.selenium.support.ui.ExpectedConditions.access$000(ExpectedConditions.java:43)
	at org.openqa.selenium.support.ui.ExpectedConditions$10.apply(ExpectedConditions.java:300)
	at org.openqa.selenium.support.ui.ExpectedConditions$10.apply(ExpectedConditions.java:297)
	at org.openqa.selenium.support.ui.FluentWait.until(FluentWait.java:249)
	at manager.CreateCvHelper.previewAndPublish(CreateCvHelper.java:186)
	at tests.CreateCv.createResumeDP(CreateCv.java:47)
	at sun.reflect.NativeMethodAccessorImpl.invoke0(Native Method)
	at sun.reflect.NativeMethodAccessorImpl.invoke(NativeMethodAccessorImpl.java:62)
	at sun.reflect.DelegatingMethodAccessorImpl.invoke(DelegatingMethodAccessorImpl.java:43)
	at java.lang.reflect.Method.invoke(Method.java:498)
	at org.testng.internal.MethodInvocationHelper.invokeMethod(MethodInvocationHelper.java:133)
	at org.testng.internal.TestInvoker.invokeMethod(TestInvoker.java:598)
	at org.testng.internal.TestInvoker.invokeTestMethod(TestInvoker.java:173)
	at org.testng.internal.MethodRunner.runInSequence(MethodRunner.java:46)
	at org.testng.internal.TestInvoker$MethodInvocationAgent.invoke(TestInvoker.java:824)
	at org.testng.internal.TestInvoker.invokeTestMethods(TestInvoker.java:146)
	at org.testng.internal.TestMethodWorker.invokeTestMethods(TestMethodWorker.java:146)
	at org.testng.internal.TestMethodWorker.run(TestMethodWorker.java:128)
	at java.util.ArrayList.forEach(ArrayList.java:1259)
	at org.testng.TestRunner.privateRun(TestRunner.java:794)
	at org.testng.TestRunner.run(TestRunner.java:596)
	at org.testng.SuiteRunner.runTest(SuiteRunner.java:377)
	at org.testng.SuiteRunner.runSequentially(SuiteRunner.java:371)
	at org.testng.SuiteRunner.privateRun(SuiteRunner.java:332)
	at org.testng.SuiteRunner.run(SuiteRunner.java:276)
	at org.testng.SuiteRunnerWorker.runSuite(SuiteRunnerWorker.java:53)
	at org.testng.SuiteRunnerWorker.run(SuiteRunnerWorker.java:96)
	at org.testng.TestNG.runSuitesSequentially(TestNG.java:1212)
	at org.testng.TestNG.runSuitesLocally(TestNG.java:1134)
	at org.testng.TestNG.runSuites(TestNG.java:1063)
	at org.testng.TestNG.run(TestNG.java:1031)
	at org.gradle.api.internal.tasks.testing.testng.TestNGTestClassProcessor.runTests(TestNGTestClassProcessor.java:141)
	at org.gradle.api.internal.tasks.testing.testng.TestNGTestClassProcessor.stop(TestNGTestClassProcessor.java:90)
	at org.gradle.api.internal.tasks.testing.SuiteTestClassProcessor.stop(SuiteTestClassProcessor.java:61)
	at sun.reflect.NativeMethodAccessorImpl.invoke0(Native Method)
	at sun.reflect.NativeMethodAccessorImpl.invoke(NativeMethodAccessorImpl.java:62)
	at sun.reflect.DelegatingMethodAccessorImpl.invoke(DelegatingMethodAccessorImpl.java:43)
	at java.lang.reflect.Method.invoke(Method.java:498)
	at org.gradle.internal.dispatch.ReflectionDispatch.dispatch(ReflectionDispatch.java:36)
	at org.gradle.internal.dispatch.ReflectionDispatch.dispatch(ReflectionDispatch.java:24)
	at org.gradle.internal.dispatch.ContextClassLoaderDispatch.dispatch(ContextClassLoaderDispatch.java:33)
	at org.gradle.internal.dispatch.ProxyDispatchAdapter$DispatchingInvocationHandler.invoke(ProxyDispatchAdapter.java:94)
	at com.sun.proxy.$Proxy2.stop(Unknown Source)
	at org.gradle.api.internal.tasks.testing.worker.TestWorker$3.run(TestWorker.java:193)
	at org.gradle.api.internal.tasks.testing.worker.TestWorker.executeAndMaintainThreadName(TestWorker.java:129)
	at org.gradle.api.internal.tasks.testing.worker.TestWorker.execute(TestWorker.java:100)
	at org.gradle.api.internal.tasks.testing.worker.TestWorker.execute(TestWorker.java:60)
	at org.gradle.process.internal.worker.child.ActionExecutionWorker.execute(ActionExecutionWorker.java:56)
	at org.gradle.process.internal.worker.child.SystemApplicationClassLoaderWorker.call(SystemApplicationClassLoaderWorker.java:133)
	at org.gradle.process.internal.worker.child.SystemApplicationClassLoaderWorker.call(SystemApplicationClassLoaderWorker.java:71)
	at worker.org.gradle.process.internal.worker.GradleWorkerMain.run(GradleWorkerMain.java:69)
	at worker.org.gradle.process.internal.worker.GradleWorkerMain.main(GradleWorkerMain.java:74)
</pre>
</span>
</div>
<div class="test">
<a name="postConditions"></a>
<h3 class="failures">postConditions</h3>
<span class="code">
<pre>org.openqa.selenium.NoSuchElementException: no such element: Unable to locate element: {&quot;method&quot;:&quot;xpath&quot;,&quot;selector&quot;:&quot;//*[text()=' logout ']&quot;}
  (Session info: chrome=104.0.5112.81)
For documentation on this error, please visit: https://www.seleniumhq.org/exceptions/no_such_element.html
Build info: version: '3.141.59', revision: 'e82be7d358', time: '2018-11-14T08:17:03'
System info: host: 'ARTEMKA', ip: '192.168.0.103', os.name: 'Windows 10', os.arch: 'amd64', os.version: '10.0', java.version: '1.8.0_333'
Driver info: org.openqa.selenium.chrome.ChromeDriver
Capabilities {acceptInsecureCerts: false, browserName: chrome, browserVersion: 104.0.5112.81, chrome: {chromedriverVersion: 104.0.5112.79 (3cf3e8c8a07d..., userDataDir: C:\Users\ompre\AppData\Loca...}, goog:chromeOptions: {debuggerAddress: localhost:50673}, javascriptEnabled: true, networkConnectionEnabled: false, pageLoadStrategy: normal, platform: WINDOWS, platformName: WINDOWS, proxy: Proxy(), setWindowRect: true, strictFileInteractability: false, timeouts: {implicit: 0, pageLoad: 300000, script: 30000}, unhandledPromptBehavior: dismiss and notify, webauthn:extension:credBlob: true, webauthn:extension:largeBlob: true, webauthn:virtualAuthenticators: true}
Session ID: 2e5edbb89b5c6df97a90caf57d5c01c7
*** Element info: {Using=xpath, value=//*[text()=' logout ']}
	at manager.MyListener.onException(MyListener.java:36)
	at sun.reflect.NativeMethodAccessorImpl.invoke0(Native Method)
	at sun.reflect.NativeMethodAccessorImpl.invoke(NativeMethodAccessorImpl.java:62)
	at sun.reflect.DelegatingMethodAccessorImpl.invoke(DelegatingMethodAccessorImpl.java:43)
	at java.lang.reflect.Method.invoke(Method.java:498)
	at org.openqa.selenium.support.events.EventFiringWebDriver.lambda$new$0(EventFiringWebDriver.java:84)
	at com.sun.proxy.$Proxy11.onException(Unknown Source)
	at org.openqa.selenium.support.events.EventFiringWebDriver.lambda$new$1(EventFiringWebDriver.java:107)
	at com.sun.proxy.$Proxy12.findElement(Unknown Source)
	at org.openqa.selenium.support.events.EventFiringWebDriver.findElement(EventFiringWebDriver.java:194)
	at manager.HelperBase.click(HelperBase.java:27)
	at manager.HelperBase.logout(HelperBase.java:85)
	at tests.CreateCv.postConditions(CreateCv.java:55)
	at sun.reflect.NativeMethodAccessorImpl.invoke0(Native Method)
	at sun.reflect.NativeMethodAccessorImpl.invoke(NativeMethodAccessorImpl.java:62)
	at sun.reflect.DelegatingMethodAccessorImpl.invoke(DelegatingMethodAccessorImpl.java:43)
	at java.lang.reflect.Method.invoke(Method.java:498)
	at org.testng.internal.MethodInvocationHelper.invokeMethod(MethodInvocationHelper.java:133)
	at org.testng.internal.MethodInvocationHelper.invokeMethodConsideringTimeout(MethodInvocationHelper.java:62)
	at org.testng.internal.ConfigInvoker.invokeConfigurationMethod(ConfigInvoker.java:385)
	at org.testng.internal.ConfigInvoker.invokeConfigurations(ConfigInvoker.java:321)
	at org.testng.internal.TestInvoker.runConfigMethods(TestInvoker.java:700)
	at org.testng.internal.TestInvoker.runAfterGroupsConfigurations(TestInvoker.java:676)
	at org.testng.internal.TestInvoker.invokeMethod(TestInvoker.java:660)
	at org.testng.internal.TestInvoker.invokeTestMethod(TestInvoker.java:173)
	at org.testng.internal.MethodRunner.runInSequence(MethodRunner.java:46)
	at org.testng.internal.TestInvoker$MethodInvocationAgent.invoke(TestInvoker.java:824)
	at org.testng.internal.TestInvoker.invokeTestMethods(TestInvoker.java:146)
	at org.testng.internal.TestMethodWorker.invokeTestMethods(TestMethodWorker.java:146)
	at org.testng.internal.TestMethodWorker.run(TestMethodWorker.java:128)
	at java.util.ArrayList.forEach(ArrayList.java:1259)
	at org.testng.TestRunner.privateRun(TestRunner.java:794)
	at org.testng.TestRunner.run(TestRunner.java:596)
	at org.testng.SuiteRunner.runTest(SuiteRunner.java:377)
	at org.testng.SuiteRunner.runSequentially(SuiteRunner.java:371)
	at org.testng.SuiteRunner.privateRun(SuiteRunner.java:332)
	at org.testng.SuiteRunner.run(SuiteRunner.java:276)
	at org.testng.SuiteRunnerWorker.runSuite(SuiteRunnerWorker.java:53)
	at org.testng.SuiteRunnerWorker.run(SuiteRunnerWorker.java:96)
	at org.testng.TestNG.runSuitesSequentially(TestNG.java:1212)
	at org.testng.TestNG.runSuitesLocally(TestNG.java:1134)
	at org.testng.TestNG.runSuites(TestNG.java:1063)
	at org.testng.TestNG.run(TestNG.java:1031)
	at org.gradle.api.internal.tasks.testing.testng.TestNGTestClassProcessor.runTests(TestNGTestClassProcessor.java:141)
	at org.gradle.api.internal.tasks.testing.testng.TestNGTestClassProcessor.stop(TestNGTestClassProcessor.java:90)
	at org.gradle.api.internal.tasks.testing.SuiteTestClassProcessor.stop(SuiteTestClassProcessor.java:61)
	at sun.reflect.NativeMethodAccessorImpl.invoke0(Native Method)
	at sun.reflect.NativeMethodAccessorImpl.invoke(NativeMethodAccessorImpl.java:62)
	at sun.reflect.DelegatingMethodAccessorImpl.invoke(DelegatingMethodAccessorImpl.java:43)
	at java.lang.reflect.Method.invoke(Method.java:498)
	at org.gradle.internal.dispatch.ReflectionDispatch.dispatch(ReflectionDispatch.java:36)
	at org.gradle.internal.dispatch.ReflectionDispatch.dispatch(ReflectionDispatch.java:24)
	at org.gradle.internal.dispatch.ContextClassLoaderDispatch.dispatch(ContextClassLoaderDispatch.java:33)
	at org.gradle.internal.dispatch.ProxyDispatchAdapter$DispatchingInvocationHandler.invoke(ProxyDispatchAdapter.java:94)
	at com.sun.proxy.$Proxy2.stop(Unknown Source)
	at org.gradle.api.internal.tasks.testing.worker.TestWorker$3.run(TestWorker.java:193)
	at org.gradle.api.internal.tasks.testing.worker.TestWorker.executeAndMaintainThreadName(TestWorker.java:129)
	at org.gradle.api.internal.tasks.testing.worker.TestWorker.execute(TestWorker.java:100)
	at org.gradle.api.internal.tasks.testing.worker.TestWorker.execute(TestWorker.java:60)
	at org.gradle.process.internal.worker.child.ActionExecutionWorker.execute(ActionExecutionWorker.java:56)
	at org.gradle.process.internal.worker.child.SystemApplicationClassLoaderWorker.call(SystemApplicationClassLoaderWorker.java:133)
	at org.gradle.process.internal.worker.child.SystemApplicationClassLoaderWorker.call(SystemApplicationClassLoaderWorker.java:71)
	at worker.org.gradle.process.internal.worker.GradleWorkerMain.run(GradleWorkerMain.java:69)
	at worker.org.gradle.process.internal.worker.GradleWorkerMain.main(GradleWorkerMain.java:74)
</pre>
</span>
</div>
</div>
<div id="tab1" class="tab">
<h2>Tests</h2>
<table>
<thead>
<tr>
<th>Test</th>
<th>Duration</th>
<th>Result</th>
</tr>
</thead>
<tr>
<td class="skipped">createResumeDP</td>
<td class="skipped">-</td>
<td class="skipped">ignored</td>
</tr>
<tr>
<td class="skipped">createResumeDP</td>
<td class="skipped">-</td>
<td class="skipped">ignored</td>
</tr>
<tr>
<td class="skipped">createResumeDP</td>
<td class="skipped">-</td>
<td class="skipped">ignored</td>
</tr>
<tr>
<td class="failures">createResumeDP[0](Cv(name=Pasha, position=Expert, birthday=12/01/1968, country=Israel, city=haifa, phone=036485478, email=pavel@mail.ru, companyName=Neokor, companyLocation=Ramot, companyUrl=www.neokor.com, startYear=1985, endYear=1990))</td>
<td class="failures">22.591s</td>
<td class="failures">failed</td>
</tr>
<tr>
<td class="failures">postConditions</td>
<td class="failures">10.183s</td>
<td class="failures">failed</td>
</tr>
</table>
</div>
<div id="tab2" class="tab">
<h2>Standard output</h2>
<span class="code">
<pre>20:12:16 INFO  tests.TestBase - start to test method -&gt;&gt;createResumeDP
20:12:16 INFO  manager.MyListener - start search for element with locator-&gt;&gt;By.xpath: //span[.='create CV']
20:12:16 INFO  manager.MyListener - element with locator-&gt;&gt; By.xpath: //span[.='create CV'] was found
20:12:16 INFO  manager.MyListener - start search for element with locator-&gt;&gt;By.xpath: (//div[@class='cover'])[1]
20:12:30 INFO  manager.MyListener - element with locator-&gt;&gt; By.xpath: (//div[@class='cover'])[1] was found
20:12:30 INFO  manager.MyListener - start search for element with locator-&gt;&gt;By.id: name
20:12:30 INFO  manager.MyListener - element with locator-&gt;&gt; By.id: name was found
20:12:30 INFO  manager.MyListener - start search for element with locator-&gt;&gt;By.id: position
20:12:30 INFO  manager.MyListener - element with locator-&gt;&gt; By.id: position was found
20:12:30 INFO  manager.MyListener - start search for element with locator-&gt;&gt;By.xpath: //*[@aria-label='Open calendar']
20:12:30 INFO  manager.MyListener - element with locator-&gt;&gt; By.xpath: //*[@aria-label='Open calendar'] was found
20:12:30 INFO  manager.MyListener - start search for element with locator-&gt;&gt;By.cssSelector: button[aria-label='Choose month and year']
20:12:30 INFO  manager.MyListener - element with locator-&gt;&gt; By.cssSelector: button[aria-label='Choose month and year'] was found
20:12:30 INFO  manager.MyListener - start search for element with locator-&gt;&gt;By.cssSelector: tbody[role='grid'] tr:first-child td:first-child div
20:12:30 INFO  manager.MyListener - element with locator-&gt;&gt; By.cssSelector: tbody[role='grid'] tr:first-child td:first-child div was found
20:12:30 INFO  manager.MyListener - start search for element with locator-&gt;&gt;By.xpath: //*[@aria-label='Previous 20 years']
20:12:30 INFO  manager.MyListener - element with locator-&gt;&gt; By.xpath: //*[@aria-label='Previous 20 years'] was found
20:12:30 INFO  manager.MyListener - start search for element with locator-&gt;&gt;By.cssSelector: tbody[role='grid'] tr:first-child td:first-child
20:12:30 INFO  manager.MyListener - element with locator-&gt;&gt; By.cssSelector: tbody[role='grid'] tr:first-child td:first-child was found
20:12:30 INFO  manager.MyListener - start search for element with locator-&gt;&gt;By.xpath: //*[.=' 1968 ']
20:12:30 INFO  manager.MyListener - element with locator-&gt;&gt; By.xpath: //*[.=' 1968 '] was found
20:12:30 INFO  manager.MyListener - start search for element with locator-&gt;&gt;By.xpath: //td[.=' JAN ']
20:12:30 INFO  manager.MyListener - element with locator-&gt;&gt; By.xpath: //td[.=' JAN '] was found
20:12:31 INFO  manager.MyListener - start search for element with locator-&gt;&gt;By.xpath: //div[.=' 12 ']
20:12:31 INFO  manager.MyListener - element with locator-&gt;&gt; By.xpath: //div[.=' 12 '] was found
20:12:31 INFO  manager.MyListener - start search for element with locator-&gt;&gt;By.id: country
20:12:31 INFO  manager.MyListener - element with locator-&gt;&gt; By.id: country was found
20:12:31 INFO  manager.MyListener - start search for element with locator-&gt;&gt;By.id: city
20:12:31 INFO  manager.MyListener - element with locator-&gt;&gt; By.id: city was found
20:12:31 INFO  manager.MyListener - start search for element with locator-&gt;&gt;By.id: phone
20:12:31 INFO  manager.MyListener - element with locator-&gt;&gt; By.id: phone was found
20:12:31 INFO  manager.MyListener - start search for element with locator-&gt;&gt;By.id: email
20:12:31 INFO  manager.MyListener - element with locator-&gt;&gt; By.id: email was found
20:12:31 INFO  manager.MyListener - start search for element with locator-&gt;&gt;By.xpath: //span[.='Save']
20:12:31 INFO  manager.MyListener - element with locator-&gt;&gt; By.xpath: //span[.='Save'] was found
20:12:31 INFO  manager.MyListener - start search for element with locator-&gt;&gt;By.cssSelector: section#header div[class=title] h2
20:12:31 INFO  manager.MyListener - element with locator-&gt;&gt; By.cssSelector: section#header div[class=title] h2 was found
20:12:31 INFO  manager.MyListener - start search for element with locator-&gt;&gt;By.id: experience
20:12:31 INFO  manager.MyListener - element with locator-&gt;&gt; By.id: experience was found
20:12:32 INFO  manager.MyListener - start search for element with locator-&gt;&gt;By.id: startDate
20:12:32 INFO  manager.MyListener - element with locator-&gt;&gt; By.id: startDate was found
20:12:34 INFO  manager.MyListener - start search for element with locator-&gt;&gt;By.id: endDate
20:12:34 INFO  manager.MyListener - element with locator-&gt;&gt; By.id: endDate was found
20:12:34 INFO  manager.MyListener - start search for element with locator-&gt;&gt;By.id: companyName
20:12:34 INFO  manager.MyListener - element with locator-&gt;&gt; By.id: companyName was found
20:12:34 INFO  manager.MyListener - start search for element with locator-&gt;&gt;By.id: companyLocation
20:12:34 INFO  manager.MyListener - element with locator-&gt;&gt; By.id: companyLocation was found
20:12:34 INFO  manager.MyListener - start search for element with locator-&gt;&gt;By.id: url
20:12:34 INFO  manager.MyListener - element with locator-&gt;&gt; By.id: url was found
20:12:34 INFO  manager.MyListener - start search for element with locator-&gt;&gt;By.id: position
20:12:34 INFO  manager.MyListener - element with locator-&gt;&gt; By.id: position was found
20:12:34 INFO  manager.MyListener - start search for element with locator-&gt;&gt;By.cssSelector: button[type='submit']
20:12:34 INFO  manager.MyListener - element with locator-&gt;&gt; By.cssSelector: button[type='submit'] was found
20:12:34 INFO  manager.MyListener - start search for element with locator-&gt;&gt;By.cssSelector: section#experience ul
20:12:35 INFO  manager.MyListener - element with locator-&gt;&gt; By.cssSelector: section#experience ul was found
20:12:35 INFO  manager.MyListener - start search for element with locator-&gt;&gt;By.xpath: //*[.=' Preview ']
20:12:35 INFO  manager.MyListener - element with locator-&gt;&gt; By.xpath: //*[.=' Preview '] was found
20:12:35 INFO  manager.MyListener - start search for element with locator-&gt;&gt;By.cssSelector: div[class=slider] div:nth-child(2)
20:12:35 INFO  manager.MyListener - element with locator-&gt;&gt; By.cssSelector: div[class=slider] div:nth-child(2) was found
20:12:35 INFO  manager.MyListener - start search for element with locator-&gt;&gt;By.cssSelector: div[class=header] button:first-of-type
20:12:35 INFO  manager.MyListener - element with locator-&gt;&gt; By.cssSelector: div[class=header] button:first-of-type was found
20:12:38 INFO  manager.MyListener - start search for element with locator-&gt;&gt;By.cssSelector: div[class=header] button:last-of-type
20:12:38 INFO  manager.MyListener - element with locator-&gt;&gt; By.cssSelector: div[class=header] button:last-of-type was found
20:12:38 INFO  manager.MyListener - start search for element with locator-&gt;&gt;By.xpath: //*[.='Publish ']
20:12:38 INFO  manager.MyListener - element with locator-&gt;&gt; By.xpath: //*[.='Publish '] was found
20:12:38 INFO  manager.MyListener - start search for element with locator-&gt;&gt;By.xpath: //a[.='Sign In']
20:12:38 INFO  manager.MyListener - element with locator-&gt;&gt; By.xpath: //a[.='Sign In'] was found
20:12:38 INFO  manager.MyListener - start search for element with locator-&gt;&gt;By.cssSelector: input#email
20:12:38 INFO  manager.MyListener - element with locator-&gt;&gt; By.cssSelector: input#email was found
20:12:38 INFO  manager.MyListener - Something went wrong-&gt;&gt;https://cv-bank-new.web.app/create
20:12:38 INFO  manager.MyListener - stale element reference: element is not attached to the page document
  (Session info: chrome=104.0.5112.81)
For documentation on this error, please visit: https://www.seleniumhq.org/exceptions/stale_element_reference.html
Build info: version: '3.141.59', revision: 'e82be7d358', time: '2018-11-14T08:17:03'
System info: host: 'ARTEMKA', ip: '192.168.0.103', os.name: 'Windows 10', os.arch: 'amd64', os.version: '10.0', java.version: '1.8.0_333'
Driver info: org.openqa.selenium.chrome.ChromeDriver
Capabilities {acceptInsecureCerts: false, browserName: chrome, browserVersion: 104.0.5112.81, chrome: {chromedriverVersion: 104.0.5112.79 (3cf3e8c8a07d..., userDataDir: C:\Users\ompre\AppData\Loca...}, goog:chromeOptions: {debuggerAddress: localhost:50673}, javascriptEnabled: true, networkConnectionEnabled: false, pageLoadStrategy: normal, platform: WINDOWS, platformName: WINDOWS, proxy: Proxy(), setWindowRect: true, strictFileInteractability: false, timeouts: {implicit: 0, pageLoad: 300000, script: 30000}, unhandledPromptBehavior: dismiss and notify, webauthn:extension:credBlob: true, webauthn:extension:largeBlob: true, webauthn:virtualAuthenticators: true}
Session ID: 2e5edbb89b5c6df97a90caf57d5c01c7
20:12:38 INFO  manager.MyListener - org.openqa.selenium.StaleElementReferenceException: stale element reference: element is not attached to the page document
  (Session info: chrome=104.0.5112.81)
For documentation on this error, please visit: https://www.seleniumhq.org/exceptions/stale_element_reference.html
Build info: version: '3.141.59', revision: 'e82be7d358', time: '2018-11-14T08:17:03'
System info: host: 'ARTEMKA', ip: '192.168.0.103', os.name: 'Windows 10', os.arch: 'amd64', os.version: '10.0', java.version: '1.8.0_333'
Driver info: org.openqa.selenium.chrome.ChromeDriver
Capabilities {acceptInsecureCerts: false, browserName: chrome, browserVersion: 104.0.5112.81, chrome: {chromedriverVersion: 104.0.5112.79 (3cf3e8c8a07d..., userDataDir: C:\Users\ompre\AppData\Loca...}, goog:chromeOptions: {debuggerAddress: localhost:50673}, javascriptEnabled: true, networkConnectionEnabled: false, pageLoadStrategy: normal, platform: WINDOWS, platformName: WINDOWS, proxy: Proxy(), setWindowRect: true, strictFileInteractability: false, timeouts: {implicit: 0, pageLoad: 300000, script: 30000}, unhandledPromptBehavior: dismiss and notify, webauthn:extension:credBlob: true, webauthn:extension:largeBlob: true, webauthn:virtualAuthenticators: true}
Session ID: 2e5edbb89b5c6df97a90caf57d5c01c7
20:12:38 INFO  manager.MyListener - start search for element with locator-&gt;&gt;By.xpath: //*[text()=' logout ']
20:12:48 INFO  manager.MyListener - Something went wrong-&gt;&gt;https://cv-bank-new.web.app/create
20:12:48 INFO  manager.MyListener - no such element: Unable to locate element: {&quot;method&quot;:&quot;xpath&quot;,&quot;selector&quot;:&quot;//*[text()=' logout ']&quot;}
  (Session info: chrome=104.0.5112.81)
For documentation on this error, please visit: https://www.seleniumhq.org/exceptions/no_such_element.html
Build info: version: '3.141.59', revision: 'e82be7d358', time: '2018-11-14T08:17:03'
System info: host: 'ARTEMKA', ip: '192.168.0.103', os.name: 'Windows 10', os.arch: 'amd64', os.version: '10.0', java.version: '1.8.0_333'
Driver info: org.openqa.selenium.chrome.ChromeDriver
Capabilities {acceptInsecureCerts: false, browserName: chrome, browserVersion: 104.0.5112.81, chrome: {chromedriverVersion: 104.0.5112.79 (3cf3e8c8a07d..., userDataDir: C:\Users\ompre\AppData\Loca...}, goog:chromeOptions: {debuggerAddress: localhost:50673}, javascriptEnabled: true, networkConnectionEnabled: false, pageLoadStrategy: normal, platform: WINDOWS, platformName: WINDOWS, proxy: Proxy(), setWindowRect: true, strictFileInteractability: false, timeouts: {implicit: 0, pageLoad: 300000, script: 30000}, unhandledPromptBehavior: dismiss and notify, webauthn:extension:credBlob: true, webauthn:extension:largeBlob: true, webauthn:virtualAuthenticators: true}
Session ID: 2e5edbb89b5c6df97a90caf57d5c01c7
*** Element info: {Using=xpath, value=//*[text()=' logout ']}
20:12:48 INFO  manager.MyListener - org.openqa.selenium.NoSuchElementException: no such element: Unable to locate element: {&quot;method&quot;:&quot;xpath&quot;,&quot;selector&quot;:&quot;//*[text()=' logout ']&quot;}
  (Session info: chrome=104.0.5112.81)
For documentation on this error, please visit: https://www.seleniumhq.org/exceptions/no_such_element.html
Build info: version: '3.141.59', revision: 'e82be7d358', time: '2018-11-14T08:17:03'
System info: host: 'ARTEMKA', ip: '192.168.0.103', os.name: 'Windows 10', os.arch: 'amd64', os.version: '10.0', java.version: '1.8.0_333'
Driver info: org.openqa.selenium.chrome.ChromeDriver
Capabilities {acceptInsecureCerts: false, browserName: chrome, browserVersion: 104.0.5112.81, chrome: {chromedriverVersion: 104.0.5112.79 (3cf3e8c8a07d..., userDataDir: C:\Users\ompre\AppData\Loca...}, goog:chromeOptions: {debuggerAddress: localhost:50673}, javascriptEnabled: true, networkConnectionEnabled: false, pageLoadStrategy: normal, platform: WINDOWS, platformName: WINDOWS, proxy: Proxy(), setWindowRect: true, strictFileInteractability: false, timeouts: {implicit: 0, pageLoad: 300000, script: 30000}, unhandledPromptBehavior: dismiss and notify, webauthn:extension:credBlob: true, webauthn:extension:largeBlob: true, webauthn:virtualAuthenticators: true}
Session ID: 2e5edbb89b5c6df97a90caf57d5c01c7
*** Element info: {Using=xpath, value=//*[text()=' logout ']}
</pre>
</span>
</div>
</div>
<div id="footer">
<p>
<div>
<label class="hidden" id="label-for-line-wrapping-toggle" for="line-wrapping-toggle">Wrap lines
<input id="line-wrapping-toggle" type="checkbox" autocomplete="off"/>
</label>
</div>Generated by 
<a href="http://www.gradle.org">Gradle 7.4</a> at 12.08.2022 20:12:49</p>
</div>
</div>
</body>
</html>
